<?xml version="1.0" encoding="UTF-8"?>
<testng-results total="1" passed="1" failed="0" skipped="0">
  <reporter-output>
  </reporter-output>
  <suite started-at="2023-04-08T09:10:58Z" name="Default suite" finished-at="2023-04-08T09:11:45Z" duration-ms="46950">
    <groups>
    </groups>
    <test started-at="2023-04-08T09:10:58Z" name="Default test" finished-at="2023-04-08T09:11:45Z" duration-ms="46950">
      <class name="com.launch.GoogleLaunch">
        <test-method signature="setUp()[pri:0, instance:com.launch.GoogleLaunch@3c77d488]" started-at="2023-04-08T14:40:58Z" name="setUp" finished-at="2023-04-08T14:41:45Z" duration-ms="46935" status="PASS">
          <reporter-output>
          </reporter-output>
        </test-method> <!-- setUp -->
      </class> <!-- com.launch.GoogleLaunch -->
    </test> <!-- Default test -->
  </suite> <!-- Default suite -->
</testng-results>
